==74355== Helgrind, a thread error detector
==74355== Copyright (C) 2007-2017, and GNU GPL'd, by OpenWorks LLP et al.
==74355== Using Valgrind-3.22.0-bd4db67b1d-20231031 and LibVEX; rerun with -h for copyright info
==74355== Command: ./philo 5 800 200 200 3
==74355== Parent PID: 74352
==74355== 
--74355-- 
--74355-- Valgrind options:
--74355--    --tool=helgrind
--74355--    --log-file=helgrind.log
--74355--    --verbose
--74355-- Contents of /proc/version:
--74355--   Linux version 6.11.0-26-generic (buildd@lcy02-amd64-074) (x86_64-linux-gnu-gcc-13 (Ubuntu 13.3.0-6ubuntu2~24.04) 13.3.0, GNU ld (GNU Binutils for Ubuntu) 2.42) #26~24.04.1-Ubuntu SMP PREEMPT_DYNAMIC Thu Apr 17 19:20:47 UTC 2
--74355-- 
--74355-- Arch and hwcaps: AMD64, LittleEndian, amd64-cx16-lzcnt-rdtscp-sse3-ssse3-avx-avx2-bmi-f16c-rdrand-rdseed
--74355-- Page sizes: currently 4096, max supported 4096
--74355-- Valgrind library directory: /usr/libexec/valgrind
==74355== helgrind --delta-stacktrace=yes only works with --vex-guest-chase=no
==74355== => (re-setting it to 'no')
--74355-- Reading syms from /home/mukhammad-ibrokhimov/Documents/private/42Berlin-Guideline/philospher/philo
--74355-- Reading syms from /usr/lib/x86_64-linux-gnu/ld-linux-x86-64.so.2
--74355-- Reading syms from /usr/libexec/valgrind/helgrind-amd64-linux
--74355--    object doesn't have a dynamic symbol table
--74355-- Scheduler: using generic scheduler lock implementation.
--74355-- Reading suppressions file: /usr/libexec/valgrind/default.supp
==74355== embedded gdbserver: reading from /tmp/vgdb-pipe-from-vgdb-to-74355-by-mukhammad-ibrokhimov-on-???
==74355== embedded gdbserver: writing to   /tmp/vgdb-pipe-to-vgdb-from-74355-by-mukhammad-ibrokhimov-on-???
==74355== embedded gdbserver: shared mem   /tmp/vgdb-pipe-shared-mem-vgdb-74355-by-mukhammad-ibrokhimov-on-???
==74355== 
==74355== TO CONTROL THIS PROCESS USING vgdb (which you probably
==74355== don't want to do, unless you know exactly what you're doing,
==74355== or are doing some strange experiment):
==74355==   /usr/bin/vgdb --pid=74355 ...command...
==74355== 
==74355== TO DEBUG THIS PROCESS USING GDB: start GDB like this
==74355==   /path/to/gdb ./philo
==74355== and then give GDB the following command
==74355==   target remote | /usr/bin/vgdb --pid=74355
==74355== --pid is optional if only one valgrind process is running
==74355== 
--74355--   Considering /usr/lib/debug/.build-id/1c/8db5f83bba514f8fd5f1fb6d7be975be1bb855.debug ..
--74355--   .. build-id is valid
--74355-- Reading syms from /usr/libexec/valgrind/vgpreload_core-amd64-linux.so
--74355-- Reading syms from /usr/libexec/valgrind/vgpreload_helgrind-amd64-linux.so
--74355-- REDIR: 0x40274e0 (ld-linux-x86-64.so.2:strcmp) redirected to 0x4857f90 (strcmp)
--74355-- REDIR: 0x4028b00 (ld-linux-x86-64.so.2:strlen) redirected to 0x4857390 (strlen)
--74355-- REDIR: 0x4026910 (ld-linux-x86-64.so.2:mempcpy) redirected to 0x485b090 (mempcpy)
--74355-- Reading syms from /usr/lib/x86_64-linux-gnu/libc.so.6
--74355--   Considering /usr/lib/debug/.build-id/42/c84c92e6f98126b3e2230ebfdead22c235b667.debug ..
--74355--   .. build-id is valid
==74355== WARNING: new redirection conflicts with existing -- ignoring it
--74355--     old: 0x04919130 (pthread_spin_init@@G) W-> (0000.0) 0x048568e0 pthread_spin_init
--74355--     new: 0x04919130 (pthread_spin_init@@G) W-> (0000.0) 0x048568f0 pthread_spin_unlock
==74355== WARNING: new redirection conflicts with existing -- ignoring it
--74355--     old: 0x04919130 (pthread_spin_init@@G) W-> (0000.0) 0x048568e0 pthread_spin_init
--74355--     new: 0x04919130 (pthread_spin_init@@G) W-> (0000.0) 0x048568f0 pthread_spin_unlock
==74355== WARNING: new redirection conflicts with existing -- ignoring it
--74355--     old: 0x049197e0 (sem_post@@GLIBC_2.34) W-> (0000.0) 0x04856a30 sem_post@*
--74355--     new: 0x049197e0 (sem_post@@GLIBC_2.34) W-> (0000.0) 0x04856a20 sem_post
==74355== WARNING: new redirection conflicts with existing -- ignoring it
--74355--     old: 0x0491a000 (sem_wait@@GLIBC_2.34) W-> (0000.0) 0x04856a10 sem_wait@*
--74355--     new: 0x0491a000 (sem_wait@@GLIBC_2.34) W-> (0000.0) 0x04856a00 sem_wait
--74355-- REDIR: 0x4028ca0 (ld-linux-x86-64.so.2:strncmp) redirected to 0x48577c0 (strncmp)
--74355-- REDIR: 0x492a050 (libc.so.6:strnlen) redirected to 0x483d1c0 (_vgnU_ifunc_wrapper)
--74355-- REDIR: 0x492a0e0 (libc.so.6:strpbrk) redirected to 0x483d1c0 (_vgnU_ifunc_wrapper)
--74355-- REDIR: 0x49281a0 (libc.so.6:strcmp) redirected to 0x483d1c0 (_vgnU_ifunc_wrapper)
--74355-- REDIR: 0x49413b0 (libc.so.6:wcsnlen) redirected to 0x483d1c0 (_vgnU_ifunc_wrapper)
--74355-- REDIR: 0x4927290 (libc.so.6:memset) redirected to 0x483d1c0 (_vgnU_ifunc_wrapper)
--74355-- REDIR: 0x4940b20 (libc.so.6:wcslen) redirected to 0x483d1c0 (_vgnU_ifunc_wrapper)
--74355-- REDIR: 0x49ac3c0 (libc.so.6:__memcpy_chk) redirected to 0x483d1c0 (_vgnU_ifunc_wrapper)
--74355-- REDIR: 0x4927200 (libc.so.6:memrchr) redirected to 0x483d1c0 (_vgnU_ifunc_wrapper)
--74355-- REDIR: 0x4941350 (libc.so.6:wcsncpy) redirected to 0x483d1c0 (_vgnU_ifunc_wrapper)
--74355-- REDIR: 0x4926720 (libc.so.6:memcpy@@GLIBC_2.14) redirected to 0x483d1c0 (_vgnU_ifunc_wrapper)
--74355-- REDIR: 0x493f8e0 (libc.so.6:wcschr) redirected to 0x483d1c0 (_vgnU_ifunc_wrapper)
--74355-- REDIR: 0x4928090 (libc.so.6:index) redirected to 0x483d1c0 (_vgnU_ifunc_wrapper)
--74355-- REDIR: 0x492a110 (libc.so.6:rindex) redirected to 0x483d1c0 (_vgnU_ifunc_wrapper)
--74355-- REDIR: 0x493f990 (libc.so.6:wcscmp) redirected to 0x483d1c0 (_vgnU_ifunc_wrapper)
--74355-- REDIR: 0x49274b0 (libc.so.6:stpncpy) redirected to 0x483d1c0 (_vgnU_ifunc_wrapper)
--74355-- REDIR: 0x494deb0 (libc.so.6:wmemchr) redirected to 0x483d1c0 (_vgnU_ifunc_wrapper)
--74355-- REDIR: 0x4929ef0 (libc.so.6:strncmp) redirected to 0x483d1c0 (_vgnU_ifunc_wrapper)
--74355-- REDIR: 0x4927510 (libc.so.6:strcasecmp) redirected to 0x483d1c0 (_vgnU_ifunc_wrapper)
--74355-- REDIR: 0x4929310 (libc.so.6:strcspn) redirected to 0x483d1c0 (_vgnU_ifunc_wrapper)
--74355-- REDIR: 0x49408f0 (libc.so.6:wcscpy) redirected to 0x483d1c0 (_vgnU_ifunc_wrapper)
--74355-- REDIR: 0x4928020 (libc.so.6:strcat) redirected to 0x483d1c0 (_vgnU_ifunc_wrapper)
--74355-- REDIR: 0x4929df0 (libc.so.6:strncasecmp_l) redirected to 0x483d1c0 (_vgnU_ifunc_wrapper)
--74355-- REDIR: 0x4928110 (libc.so.6:strchrnul) redirected to 0x483d1c0 (_vgnU_ifunc_wrapper)
--74355-- REDIR: 0x4926630 (libc.so.6:bcmp) redirected to 0x483d1c0 (_vgnU_ifunc_wrapper)
--74355-- REDIR: 0x49292a0 (libc.so.6:strcpy) redirected to 0x483d1c0 (_vgnU_ifunc_wrapper)
--74355-- REDIR: 0x49275b0 (libc.so.6:strcasecmp_l) redirected to 0x483d1c0 (_vgnU_ifunc_wrapper)
--74355-- REDIR: 0x4929cc0 (libc.so.6:strlen) redirected to 0x483d1c0 (_vgnU_ifunc_wrapper)
--74355-- REDIR: 0x4929f90 (libc.so.6:strncpy) redirected to 0x483d1c0 (_vgnU_ifunc_wrapper)
--74355-- REDIR: 0x494df30 (libc.so.6:wmemcmp) redirected to 0x483d1c0 (_vgnU_ifunc_wrapper)
--74355-- REDIR: 0x49ac4e0 (libc.so.6:__memmove_chk) redirected to 0x483d1c0 (_vgnU_ifunc_wrapper)
==74355== WARNING: new redirection conflicts with existing -- ignoring it
--74355--     old: 0x049fd9d0 (__memcpy_chk_avx_una) R-> (2030.0) 0x0485b0f0 __memcpy_chk
--74355--     new: 0x049fd9d0 (__memcpy_chk_avx_una) R-> (2024.0) 0x0485ad80 __memmove_chk
--74355-- REDIR: 0x4927440 (libc.so.6:stpcpy) redirected to 0x483d1c0 (_vgnU_ifunc_wrapper)
--74355-- REDIR: 0x4926fc0 (libc.so.6:memmove) redirected to 0x483d1c0 (_vgnU_ifunc_wrapper)
==74355== Preferring higher priority redirection:
--74355--     old: 0x049fda00 (__memcpy_avx_unalign) R-> (2018.0) 0x048590b0 __memcpy_avx_unaligned_erms
--74355--     new: 0x049fda00 (__memcpy_avx_unalign) R-> (2018.1) 0x0485a3a0 memmove
--74355-- REDIR: 0x49265b0 (libc.so.6:memchr) redirected to 0x483d1c0 (_vgnU_ifunc_wrapper)
--74355-- REDIR: 0x492a2e0 (libc.so.6:strspn) redirected to 0x483d1c0 (_vgnU_ifunc_wrapper)
--74355-- REDIR: 0x49270e0 (libc.so.6:mempcpy) redirected to 0x483d1c0 (_vgnU_ifunc_wrapper)
--74355-- REDIR: 0x4929d50 (libc.so.6:strncasecmp) redirected to 0x483d1c0 (_vgnU_ifunc_wrapper)
--74355-- REDIR: 0x4a025f0 (libc.so.6:__strrchr_avx2) redirected to 0x4856f30 (rindex)
--74355-- REDIR: 0x4922650 (libc.so.6:malloc) redirected to 0x4848830 (malloc)
--74355-- REDIR: 0x4914710 (libc.so.6:pthread_mutex_init@@GLIBC_2.2.5) redirected to 0x48561c0 (pthread_mutex_init)
--74355-- REDIR: 0x4911bc0 (libc.so.6:pthread_create@@GLIBC_2.34) redirected to 0x4855f50 (pthread_create@*)
--74355-- REDIR: 0x49237a0 (libc.so.6:calloc) redirected to 0x484f920 (calloc)
--74355-- REDIR: 0x4914ff0 (libc.so.6:pthread_mutex_lock@@GLIBC_2.2.5) redirected to 0x4856390 (pthread_mutex_lock)
--74355-- REDIR: 0x4916a70 (libc.so.6:pthread_mutex_unlock@@GLIBC_2.2.5) redirected to 0x48563d0 (pthread_mutex_unlock)
--74355-- REDIR: 0x49ffda0 (libc.so.6:__strchrnul_avx2) redirected to 0x485adf0 (strchrnul)
--74355-- REDIR: 0x49fda00 (libc.so.6:__memcpy_avx_unaligned_erms) redirected to 0x485a3a0 (memmove)
--74355-- REDIR: 0x4a00740 (libc.so.6:__strlen_avx2) redirected to 0x4857270 (strlen)
--74355-- REDIR: 0x49fd9c0 (libc.so.6:__mempcpy_avx_unaligned_erms) redirected to 0x485af10 (mempcpy)
--74355-- REDIR: 0x4913630 (libc.so.6:pthread_join@@GLIBC_2.34) redirected to 0x4855f60 (pthread_join)
--74355-- REDIR: 0x4922d30 (libc.so.6:free) redirected to 0x484b8a0 (free)
--74355-- REDIR: 0x49146c0 (libc.so.6:pthread_mutex_destroy@@GLIBC_2.2.5) redirected to 0x4856380 (pthread_mutex_destroy)
==74355== 
==74355== ERROR SUMMARY: 0 errors from 0 contexts (suppressed: 15322 from 156)
--74355-- 
--74355-- used_suppression:  15322 helgrind-glibc2X-005 /usr/libexec/valgrind/default.supp:994
==74355== 
==74355== ERROR SUMMARY: 0 errors from 0 contexts (suppressed: 15322 from 156)
